c:\users\nanai\desktop\プロジェクト\gameアプリ\大富豪\trumpgame準完\nanairoproject\debug\vc142.pdb
c:\users\nanai\desktop\プロジェクト\gameアプリ\大富豪\trumpgame準完\nanairoproject\debug\vc142.idb
c:\users\nanai\desktop\プロジェクト\gameアプリ\大富豪\trumpgame準完\nanairoproject\debug\charaselectroom.obj
c:\users\nanai\desktop\プロジェクト\gameアプリ\大富豪\trumpgame準完\nanairoproject\debug\useeffect.obj
c:\users\nanai\desktop\プロジェクト\gameアプリ\大富豪\trumpgame準完\nanairoproject\debug\templateeffectlist.obj
c:\users\nanai\desktop\プロジェクト\gameアプリ\大富豪\trumpgame準完\nanairoproject\debug\superdialog.obj
c:\users\nanai\desktop\プロジェクト\gameアプリ\大富豪\trumpgame準完\nanairoproject\debug\winsocktcp.obj
c:\users\nanai\desktop\プロジェクト\gameアプリ\大富豪\trumpgame準完\nanairoproject\debug\myserver.obj
c:\users\nanai\desktop\プロジェクト\gameアプリ\大富豪\trumpgame準完\nanairoproject\debug\myclient.obj
c:\users\nanai\desktop\プロジェクト\gameアプリ\大富豪\trumpgame準完\nanairoproject\debug\scenemethod.obj
c:\users\nanai\desktop\プロジェクト\gameアプリ\大富豪\trumpgame準完\nanairoproject\debug\roaderfile.obj
c:\users\nanai\desktop\プロジェクト\gameアプリ\大富豪\trumpgame準完\nanairoproject\debug\resourceload.obj
c:\users\nanai\desktop\プロジェクト\gameアプリ\大富豪\trumpgame準完\nanairoproject\debug\onceword.obj
c:\users\nanai\desktop\プロジェクト\gameアプリ\大富豪\trumpgame準完\nanairoproject\debug\oficaldialog.obj
c:\users\nanai\desktop\プロジェクト\gameアプリ\大富豪\trumpgame準完\nanairoproject\debug\objectlist.obj
c:\users\nanai\desktop\プロジェクト\gameアプリ\大富豪\trumpgame準完\nanairoproject\debug\modelmethod.obj
c:\users\nanai\desktop\プロジェクト\gameアプリ\大富豪\trumpgame準完\nanairoproject\debug\main.obj
c:\users\nanai\desktop\プロジェクト\gameアプリ\大富豪\trumpgame準完\nanairoproject\debug\loaderlist.obj
c:\users\nanai\desktop\プロジェクト\gameアプリ\大富豪\trumpgame準完\nanairoproject\debug\graphmethod.obj
c:\users\nanai\desktop\プロジェクト\gameアプリ\大富豪\trumpgame準完\nanairoproject\debug\effekactioner.obj
c:\users\nanai\desktop\プロジェクト\gameアプリ\大富豪\trumpgame準完\nanairoproject\debug\background.obj
c:\users\nanai\desktop\プロジェクト\gameアプリ\大富豪\trumpgame準完\nanairoproject\debug\animationeffect2d.obj
c:\users\nanai\desktop\プロジェクト\gameアプリ\大富豪\trumpgame準完\nanairoproject\debug\shadertest.obj
c:\users\nanai\desktop\プロジェクト\gameアプリ\大富豪\trumpgame準完\nanairoproject\debug\selectroomdialog.obj
c:\users\nanai\desktop\プロジェクト\gameアプリ\大富豪\trumpgame準完\nanairoproject\debug\scoremap.obj
c:\users\nanai\desktop\プロジェクト\gameアプリ\大富豪\trumpgame準完\nanairoproject\debug\runkeffect.obj
c:\users\nanai\desktop\プロジェクト\gameアプリ\大富豪\trumpgame準完\nanairoproject\debug\rule_effect.obj
c:\users\nanai\desktop\プロジェクト\gameアプリ\大富豪\trumpgame準完\nanairoproject\debug\pe_the_matchscene.obj
c:\users\nanai\desktop\プロジェクト\gameアプリ\大富豪\trumpgame準完\nanairoproject\debug\loadingscene.obj
c:\users\nanai\desktop\プロジェクト\gameアプリ\大富豪\trumpgame準完\nanairoproject\debug\judgementcode.obj
c:\users\nanai\desktop\プロジェクト\gameアプリ\大富豪\trumpgame準完\nanairoproject\debug\judgement.obj
c:\users\nanai\desktop\プロジェクト\gameアプリ\大富豪\trumpgame準完\nanairoproject\debug\gestchara.obj
c:\users\nanai\desktop\プロジェクト\gameアプリ\大富豪\trumpgame準完\nanairoproject\debug\changescene.obj
c:\users\nanai\desktop\プロジェクト\gameアプリ\大富豪\trumpgame準完\nanairoproject\debug\rule_anime.obj
c:\users\nanai\desktop\プロジェクト\gameアプリ\大富豪\trumpgame準完\nanairoproject\debug\roomscene.obj
c:\users\nanai\desktop\プロジェクト\gameアプリ\大富豪\trumpgame準完\nanairoproject\debug\playerplate.obj
c:\users\nanai\desktop\プロジェクト\gameアプリ\大富豪\trumpgame準完\nanairoproject\debug\playermapcontrol.obj
c:\users\nanai\desktop\プロジェクト\gameアプリ\大富豪\trumpgame準完\nanairoproject\debug\plateeffect.obj
c:\users\nanai\desktop\プロジェクト\gameアプリ\大富豪\trumpgame準完\nanairoproject\debug\oftenusedialog.obj
c:\users\nanai\desktop\プロジェクト\gameアプリ\大富豪\trumpgame準完\nanairoproject\debug\networkroom.obj
c:\users\nanai\desktop\プロジェクト\gameアプリ\大富豪\trumpgame準完\nanairoproject\debug\gamescene.obj
c:\users\nanai\desktop\プロジェクト\gameアプリ\大富豪\trumpgame準完\nanairoproject\debug\enemyai.obj
c:\users\nanai\desktop\プロジェクト\gameアプリ\大富豪\trumpgame準完\nanairoproject\debug\trumpcard.obj
c:\users\nanai\desktop\プロジェクト\gameアプリ\大富豪\trumpgame準完\nanairoproject\debug\tittlescene.obj
c:\users\nanai\desktop\プロジェクト\gameアプリ\大富豪\trumpgame準完\nanairoproject\debug\throwjudgement.obj
c:\users\nanai\desktop\プロジェクト\gameアプリ\大富豪\trumpgame準完\nanairoproject\debug\superscene.obj
c:\users\nanai\desktop\プロジェクト\gameアプリ\大富豪\trumpgame準完\nanairoproject\debug\specialaction.obj
c:\users\nanai\desktop\プロジェクト\gameアプリ\大富豪\trumpgame準完\debug\nanairoproject.ilk
c:\users\nanai\desktop\プロジェクト\gameアプリ\大富豪\trumpgame準完\debug\nanairoproject.exe
c:\users\nanai\desktop\プロジェクト\gameアプリ\大富豪\trumpgame準完\debug\nanairoproject.pdb
c:\users\nanai\desktop\プロジェクト\gameアプリ\大富豪\trumpgame準完\debug\nanairoproject.lib
c:\users\nanai\desktop\プロジェクト\gameアプリ\大富豪\trumpgame準完\debug\nanairoproject.exp
c:\users\nanai\desktop\プロジェクト\gameアプリ\ライブラリ\大富豪\trumpgame準完\nanairoproject\debug\animationeffect2d.obj
c:\users\nanai\desktop\プロジェクト\gameアプリ\ライブラリ\大富豪\trumpgame準完\nanairoproject\debug\background.obj
c:\users\nanai\desktop\プロジェクト\gameアプリ\ライブラリ\大富豪\trumpgame準完\nanairoproject\debug\changescene.obj
c:\users\nanai\desktop\プロジェクト\gameアプリ\ライブラリ\大富豪\trumpgame準完\nanairoproject\debug\charaselectroom.obj
c:\users\nanai\desktop\プロジェクト\gameアプリ\ライブラリ\大富豪\trumpgame準完\nanairoproject\debug\effekactioner.obj
c:\users\nanai\desktop\プロジェクト\gameアプリ\ライブラリ\大富豪\trumpgame準完\nanairoproject\debug\enemyai.obj
c:\users\nanai\desktop\プロジェクト\gameアプリ\ライブラリ\大富豪\trumpgame準完\nanairoproject\debug\gamescene.obj
c:\users\nanai\desktop\プロジェクト\gameアプリ\ライブラリ\大富豪\trumpgame準完\nanairoproject\debug\gestchara.obj
c:\users\nanai\desktop\プロジェクト\gameアプリ\ライブラリ\大富豪\trumpgame準完\nanairoproject\debug\graphmethod.obj
c:\users\nanai\desktop\プロジェクト\gameアプリ\ライブラリ\大富豪\trumpgame準完\nanairoproject\debug\judgement.obj
c:\users\nanai\desktop\プロジェクト\gameアプリ\ライブラリ\大富豪\trumpgame準完\nanairoproject\debug\judgementcode.obj
c:\users\nanai\desktop\プロジェクト\gameアプリ\ライブラリ\大富豪\trumpgame準完\nanairoproject\debug\loaderlist.obj
c:\users\nanai\desktop\プロジェクト\gameアプリ\ライブラリ\大富豪\trumpgame準完\nanairoproject\debug\loadingscene.obj
c:\users\nanai\desktop\プロジェクト\gameアプリ\ライブラリ\大富豪\trumpgame準完\nanairoproject\debug\main.obj
c:\users\nanai\desktop\プロジェクト\gameアプリ\ライブラリ\大富豪\trumpgame準完\nanairoproject\debug\modelmethod.obj
c:\users\nanai\desktop\プロジェクト\gameアプリ\ライブラリ\大富豪\trumpgame準完\nanairoproject\debug\myclient.obj
c:\users\nanai\desktop\プロジェクト\gameアプリ\ライブラリ\大富豪\trumpgame準完\nanairoproject\debug\myserver.obj
c:\users\nanai\desktop\プロジェクト\gameアプリ\ライブラリ\大富豪\trumpgame準完\nanairoproject\debug\networkroom.obj
c:\users\nanai\desktop\プロジェクト\gameアプリ\ライブラリ\大富豪\trumpgame準完\nanairoproject\debug\objectlist.obj
c:\users\nanai\desktop\プロジェクト\gameアプリ\ライブラリ\大富豪\trumpgame準完\nanairoproject\debug\oficaldialog.obj
c:\users\nanai\desktop\プロジェクト\gameアプリ\ライブラリ\大富豪\trumpgame準完\nanairoproject\debug\oftenusedialog.obj
c:\users\nanai\desktop\プロジェクト\gameアプリ\ライブラリ\大富豪\trumpgame準完\nanairoproject\debug\onceword.obj
c:\users\nanai\desktop\プロジェクト\gameアプリ\ライブラリ\大富豪\trumpgame準完\nanairoproject\debug\pe_the_matchscene.obj
c:\users\nanai\desktop\プロジェクト\gameアプリ\ライブラリ\大富豪\trumpgame準完\nanairoproject\debug\plateeffect.obj
c:\users\nanai\desktop\プロジェクト\gameアプリ\ライブラリ\大富豪\trumpgame準完\nanairoproject\debug\playermapcontrol.obj
c:\users\nanai\desktop\プロジェクト\gameアプリ\ライブラリ\大富豪\trumpgame準完\nanairoproject\debug\playerplate.obj
c:\users\nanai\desktop\プロジェクト\gameアプリ\ライブラリ\大富豪\trumpgame準完\nanairoproject\debug\resourceload.obj
c:\users\nanai\desktop\プロジェクト\gameアプリ\ライブラリ\大富豪\trumpgame準完\nanairoproject\debug\roaderfile.obj
c:\users\nanai\desktop\プロジェクト\gameアプリ\ライブラリ\大富豪\trumpgame準完\nanairoproject\debug\roomscene.obj
c:\users\nanai\desktop\プロジェクト\gameアプリ\ライブラリ\大富豪\trumpgame準完\nanairoproject\debug\rule_anime.obj
c:\users\nanai\desktop\プロジェクト\gameアプリ\ライブラリ\大富豪\trumpgame準完\nanairoproject\debug\rule_effect.obj
c:\users\nanai\desktop\プロジェクト\gameアプリ\ライブラリ\大富豪\trumpgame準完\nanairoproject\debug\runkeffect.obj
c:\users\nanai\desktop\プロジェクト\gameアプリ\ライブラリ\大富豪\trumpgame準完\nanairoproject\debug\scenemethod.obj
c:\users\nanai\desktop\プロジェクト\gameアプリ\ライブラリ\大富豪\trumpgame準完\nanairoproject\debug\scoremap.obj
c:\users\nanai\desktop\プロジェクト\gameアプリ\ライブラリ\大富豪\trumpgame準完\nanairoproject\debug\selectroomdialog.obj
c:\users\nanai\desktop\プロジェクト\gameアプリ\ライブラリ\大富豪\trumpgame準完\nanairoproject\debug\shadertest.obj
c:\users\nanai\desktop\プロジェクト\gameアプリ\ライブラリ\大富豪\trumpgame準完\nanairoproject\debug\specialaction.obj
c:\users\nanai\desktop\プロジェクト\gameアプリ\ライブラリ\大富豪\trumpgame準完\nanairoproject\debug\superdialog.obj
c:\users\nanai\desktop\プロジェクト\gameアプリ\ライブラリ\大富豪\trumpgame準完\nanairoproject\debug\superscene.obj
c:\users\nanai\desktop\プロジェクト\gameアプリ\ライブラリ\大富豪\trumpgame準完\nanairoproject\debug\templateeffectlist.obj
c:\users\nanai\desktop\プロジェクト\gameアプリ\ライブラリ\大富豪\trumpgame準完\nanairoproject\debug\throwjudgement.obj
c:\users\nanai\desktop\プロジェクト\gameアプリ\ライブラリ\大富豪\trumpgame準完\nanairoproject\debug\tittlescene.obj
c:\users\nanai\desktop\プロジェクト\gameアプリ\ライブラリ\大富豪\trumpgame準完\nanairoproject\debug\trumpcard.obj
c:\users\nanai\desktop\プロジェクト\gameアプリ\ライブラリ\大富豪\trumpgame準完\nanairoproject\debug\useeffect.obj
c:\users\nanai\desktop\プロジェクト\gameアプリ\ライブラリ\大富豪\trumpgame準完\nanairoproject\debug\winsocktcp.obj
c:\users\nanai\desktop\プロジェクト\gameアプリ\ライブラリ\大富豪\trumpgame準完\nanairoproject\debug\vc142.idb
c:\users\nanai\desktop\プロジェクト\gameアプリ\ライブラリ\大富豪\trumpgame準完\nanairoproject\debug\vc142.pdb
c:\users\nanai\desktop\プロジェクト\gameアプリ\ライブラリ\大富豪\trumpgame準完\debug\nanairoproject.pdb
c:\users\nanai\desktop\プロジェクト\gameアプリ\ライブラリ\大富豪\trumpgame準完\debug\nanairoproject.exe
c:\users\nanai\desktop\プロジェクト\gameアプリ\ライブラリ\大富豪\trumpgame準完\debug\nanairoproject.ilk
c:\users\nanai\desktop\プロジェクト\gameアプリ\ライブラリ\大富豪\trumpgame準完\nanairoproject\debug\nanairoproject.tlog\cl.command.1.tlog
c:\users\nanai\desktop\プロジェクト\gameアプリ\ライブラリ\大富豪\trumpgame準完\nanairoproject\debug\nanairoproject.tlog\cl.read.1.tlog
c:\users\nanai\desktop\プロジェクト\gameアプリ\ライブラリ\大富豪\trumpgame準完\nanairoproject\debug\nanairoproject.tlog\cl.write.1.tlog
c:\users\nanai\desktop\プロジェクト\gameアプリ\ライブラリ\大富豪\trumpgame準完\nanairoproject\debug\nanairoproject.tlog\link.command.1.tlog
c:\users\nanai\desktop\プロジェクト\gameアプリ\ライブラリ\大富豪\trumpgame準完\nanairoproject\debug\nanairoproject.tlog\link.read.1.tlog
c:\users\nanai\desktop\プロジェクト\gameアプリ\ライブラリ\大富豪\trumpgame準完\nanairoproject\debug\nanairoproject.tlog\link.write.1.tlog
c:\users\nanai\desktop\プロジェクト\gameアプリ\ライブラリ\大富豪\trumpgame準完\nanairoproject\debug\nanairoproject.tlog\nanairoproject.write.1u.tlog
