c:\users\nanai\desktop\プロジェクト\gameアプリ\ライブラリ\大富豪\trumpgame準完\nanairoproject\release\vc142.pdb
c:\users\nanai\desktop\プロジェクト\gameアプリ\ライブラリ\大富豪\trumpgame準完\nanairoproject\release\charaselectroom.obj
c:\users\nanai\desktop\プロジェクト\gameアプリ\ライブラリ\大富豪\trumpgame準完\nanairoproject\release\useeffect.obj
c:\users\nanai\desktop\プロジェクト\gameアプリ\ライブラリ\大富豪\trumpgame準完\nanairoproject\release\templateeffectlist.obj
c:\users\nanai\desktop\プロジェクト\gameアプリ\ライブラリ\大富豪\trumpgame準完\nanairoproject\release\superdialog.obj
c:\users\nanai\desktop\プロジェクト\gameアプリ\ライブラリ\大富豪\trumpgame準完\nanairoproject\release\winsocktcp.obj
c:\users\nanai\desktop\プロジェクト\gameアプリ\ライブラリ\大富豪\trumpgame準完\nanairoproject\release\myserver.obj
c:\users\nanai\desktop\プロジェクト\gameアプリ\ライブラリ\大富豪\trumpgame準完\nanairoproject\release\myclient.obj
c:\users\nanai\desktop\プロジェクト\gameアプリ\ライブラリ\大富豪\trumpgame準完\nanairoproject\release\scenemethod.obj
c:\users\nanai\desktop\プロジェクト\gameアプリ\ライブラリ\大富豪\trumpgame準完\nanairoproject\release\roaderfile.obj
c:\users\nanai\desktop\プロジェクト\gameアプリ\ライブラリ\大富豪\trumpgame準完\nanairoproject\release\resourceload.obj
c:\users\nanai\desktop\プロジェクト\gameアプリ\ライブラリ\大富豪\trumpgame準完\nanairoproject\release\onceword.obj
c:\users\nanai\desktop\プロジェクト\gameアプリ\ライブラリ\大富豪\trumpgame準完\nanairoproject\release\oficaldialog.obj
c:\users\nanai\desktop\プロジェクト\gameアプリ\ライブラリ\大富豪\trumpgame準完\nanairoproject\release\objectlist.obj
c:\users\nanai\desktop\プロジェクト\gameアプリ\ライブラリ\大富豪\trumpgame準完\nanairoproject\release\modelmethod.obj
c:\users\nanai\desktop\プロジェクト\gameアプリ\ライブラリ\大富豪\trumpgame準完\nanairoproject\release\main.obj
c:\users\nanai\desktop\プロジェクト\gameアプリ\ライブラリ\大富豪\trumpgame準完\nanairoproject\release\loaderlist.obj
c:\users\nanai\desktop\プロジェクト\gameアプリ\ライブラリ\大富豪\trumpgame準完\nanairoproject\release\graphmethod.obj
c:\users\nanai\desktop\プロジェクト\gameアプリ\ライブラリ\大富豪\trumpgame準完\nanairoproject\release\effekactioner.obj
c:\users\nanai\desktop\プロジェクト\gameアプリ\ライブラリ\大富豪\trumpgame準完\nanairoproject\release\background.obj
c:\users\nanai\desktop\プロジェクト\gameアプリ\ライブラリ\大富豪\trumpgame準完\nanairoproject\release\animationeffect2d.obj
c:\users\nanai\desktop\プロジェクト\gameアプリ\ライブラリ\大富豪\trumpgame準完\nanairoproject\release\shadertest.obj
c:\users\nanai\desktop\プロジェクト\gameアプリ\ライブラリ\大富豪\trumpgame準完\nanairoproject\release\selectroomdialog.obj
c:\users\nanai\desktop\プロジェクト\gameアプリ\ライブラリ\大富豪\trumpgame準完\nanairoproject\release\scoremap.obj
c:\users\nanai\desktop\プロジェクト\gameアプリ\ライブラリ\大富豪\trumpgame準完\nanairoproject\release\runkeffect.obj
c:\users\nanai\desktop\プロジェクト\gameアプリ\ライブラリ\大富豪\trumpgame準完\nanairoproject\release\rule_effect.obj
c:\users\nanai\desktop\プロジェクト\gameアプリ\ライブラリ\大富豪\trumpgame準完\nanairoproject\release\pe_the_matchscene.obj
c:\users\nanai\desktop\プロジェクト\gameアプリ\ライブラリ\大富豪\trumpgame準完\nanairoproject\release\loadingscene.obj
c:\users\nanai\desktop\プロジェクト\gameアプリ\ライブラリ\大富豪\trumpgame準完\nanairoproject\release\judgementcode.obj
c:\users\nanai\desktop\プロジェクト\gameアプリ\ライブラリ\大富豪\trumpgame準完\nanairoproject\release\judgement.obj
c:\users\nanai\desktop\プロジェクト\gameアプリ\ライブラリ\大富豪\trumpgame準完\nanairoproject\release\gestchara.obj
c:\users\nanai\desktop\プロジェクト\gameアプリ\ライブラリ\大富豪\trumpgame準完\nanairoproject\release\changescene.obj
c:\users\nanai\desktop\プロジェクト\gameアプリ\ライブラリ\大富豪\trumpgame準完\nanairoproject\release\rule_anime.obj
c:\users\nanai\desktop\プロジェクト\gameアプリ\ライブラリ\大富豪\trumpgame準完\nanairoproject\release\roomscene.obj
c:\users\nanai\desktop\プロジェクト\gameアプリ\ライブラリ\大富豪\trumpgame準完\nanairoproject\release\playerplate.obj
c:\users\nanai\desktop\プロジェクト\gameアプリ\ライブラリ\大富豪\trumpgame準完\nanairoproject\release\playermapcontrol.obj
c:\users\nanai\desktop\プロジェクト\gameアプリ\ライブラリ\大富豪\trumpgame準完\nanairoproject\release\plateeffect.obj
c:\users\nanai\desktop\プロジェクト\gameアプリ\ライブラリ\大富豪\trumpgame準完\nanairoproject\release\oftenusedialog.obj
c:\users\nanai\desktop\プロジェクト\gameアプリ\ライブラリ\大富豪\trumpgame準完\nanairoproject\release\networkroom.obj
c:\users\nanai\desktop\プロジェクト\gameアプリ\ライブラリ\大富豪\trumpgame準完\nanairoproject\release\gamescene.obj
c:\users\nanai\desktop\プロジェクト\gameアプリ\ライブラリ\大富豪\trumpgame準完\nanairoproject\release\enemyai.obj
c:\users\nanai\desktop\プロジェクト\gameアプリ\ライブラリ\大富豪\trumpgame準完\nanairoproject\release\trumpcard.obj
c:\users\nanai\desktop\プロジェクト\gameアプリ\ライブラリ\大富豪\trumpgame準完\nanairoproject\release\tittlescene.obj
c:\users\nanai\desktop\プロジェクト\gameアプリ\ライブラリ\大富豪\trumpgame準完\nanairoproject\release\throwjudgement.obj
c:\users\nanai\desktop\プロジェクト\gameアプリ\ライブラリ\大富豪\trumpgame準完\nanairoproject\release\superscene.obj
c:\users\nanai\desktop\プロジェクト\gameアプリ\ライブラリ\大富豪\trumpgame準完\nanairoproject\release\specialaction.obj
c:\users\nanai\desktop\プロジェクト\gameアプリ\ライブラリ\大富豪\trumpgame準完\release\nanairoproject.exe
c:\users\nanai\desktop\プロジェクト\gameアプリ\ライブラリ\大富豪\trumpgame準完\release\nanairoproject.pdb
c:\users\nanai\desktop\プロジェクト\gameアプリ\ライブラリ\大富豪\trumpgame準完\release\nanairoproject.lib
c:\users\nanai\desktop\プロジェクト\gameアプリ\ライブラリ\大富豪\trumpgame準完\release\nanairoproject.exp
c:\users\nanai\desktop\プロジェクト\gameアプリ\ライブラリ\大富豪\trumpgame準完\release\nanairoproject.ipdb
c:\users\nanai\desktop\プロジェクト\gameアプリ\ライブラリ\大富豪\trumpgame準完\release\nanairoproject.iobj
c:\users\nanai\desktop\プロジェクト\gameアプリ\ライブラリ\大富豪\trumpgame準完\nanairoproject\release\nanairoproject.tlog\cl.command.1.tlog
c:\users\nanai\desktop\プロジェクト\gameアプリ\ライブラリ\大富豪\trumpgame準完\nanairoproject\release\nanairoproject.tlog\cl.read.1.tlog
c:\users\nanai\desktop\プロジェクト\gameアプリ\ライブラリ\大富豪\trumpgame準完\nanairoproject\release\nanairoproject.tlog\cl.write.1.tlog
c:\users\nanai\desktop\プロジェクト\gameアプリ\ライブラリ\大富豪\trumpgame準完\nanairoproject\release\nanairoproject.tlog\link.command.1.tlog
c:\users\nanai\desktop\プロジェクト\gameアプリ\ライブラリ\大富豪\trumpgame準完\nanairoproject\release\nanairoproject.tlog\link.read.1.tlog
c:\users\nanai\desktop\プロジェクト\gameアプリ\ライブラリ\大富豪\trumpgame準完\nanairoproject\release\nanairoproject.tlog\link.write.1.tlog
c:\users\nanai\desktop\プロジェクト\gameアプリ\ライブラリ\大富豪\trumpgame準完\nanairoproject\release\nanairoproject.tlog\nanairoproject.write.1u.tlog
